<?xml version="1.0" encoding="UTF-8"?>
<!-- Generated by org.testng.reporters.JUnitReportReporter -->
<testsuite skipped="0" hostname="DESKTOP-B9T8IP8" name="Mobile_Appium.demo_Open_app" tests="1" failures="0" timestamp="2021-09-30T22:35:11 ICT" time="132.761" errors="0">
  <testcase name="Demo_scroll" time="132.761" classname="Mobile_Appium.demo_Open_app"/>
  <system-out/>
</testsuite> <!-- Mobile_Appium.demo_Open_app -->
