<?xml version="1.0" encoding="UTF-8"?>
<!-- Generated by org.testng.reporters.JUnitReportReporter -->
<testsuite skipped="0" hostname="DESKTOP-B9T8IP8" name="Mobile_openApp.demo_Open_app" tests="1" failures="0" timestamp="2021-09-16T21:06:22 ICT" time="0.005" errors="0">
  <testcase name="OpenApp" time="0.005" classname="Mobile_openApp.demo_Open_app"/>
  <system-out/>
</testsuite> <!-- Mobile_openApp.demo_Open_app -->
